{
  "RSpec": {
    "coverage": {
      "/home/mauricio-p/udemy/ruby_on_rails/alpha_blog_api/app/controllers/api/v1/articles_controller.rb": [
        null,
        null,
        1,
        1,
        1,
        1,
        null,
        1,
        1,
        null,
        null,
        1,
        2,
        null,
        2,
        1,
        null,
        1,
        null,
        null,
        null,
        1,
        1,
        null,
        null,
        1,
        3,
        2,
        null,
        1,
        null,
        null,
        null,
        1,
        2,
        2,
        null,
        null,
        1,
        null,
        1,
        7,
        2,
        null,
        null,
        null,
        1,
        5,
        null,
        null,
        1,
        10,
        null,
        null
      ],
      "/home/mauricio-p/udemy/ruby_on_rails/alpha_blog_api/app/controllers/application_controller.rb": [
        null,
        null,
        1,
        1,
        31,
        8,
        null,
        null,
        null,
        1,
        102,
        92,
        null,
        null,
        null
      ],
      "/home/mauricio-p/udemy/ruby_on_rails/alpha_blog_api/spec/controllers/api/v1/categories_controller_spec.rb": [
        1,
        null,
        1,
        null,
        1,
        1,
        1,
        null,
        1,
        null,
        null,
        null,
        1,
        1,
        1,
        1,
        null,
        null,
        null,
        null,
        null,
        null,
        null,
        null,
        null,
        1,
        1,
        null,
        null,
        null,
        1,
        2,
        null,
        1,
        1,
        null,
        null,
        null,
        null,
        null,
        null,
        null,
        null,
        null,
        1,
        1,
        null,
        null,
        null,
        1,
        2,
        null,
        1,
        1,
        null,
        null,
        null,
        null,
        null,
        null,
        null,
        null,
        null,
        1,
        null,
        null,
        null,
        1,
        2,
        null,
        1,
        1,
        null,
        null,
        null,
        null,
        null,
        null,
        null,
        null,
        null,
        1,
        1,
        null,
        null,
        null,
        null,
        1,
        2,
        null,
        1,
        1,
        null,
        1,
        1,
        null,
        null,
        null,
        1,
        5,
        4,
        5,
        null,
        1,
        1,
        1,
        null,
        null,
        null,
        null,
        null,
        null,
        null,
        null,
        1,
        1,
        null,
        null,
        null,
        1,
        1,
        1,
        null,
        null,
        null,
        null,
        null,
        null,
        null,
        null,
        1,
        1,
        null,
        null,
        null,
        1,
        2,
        null,
        1,
        1,
        null,
        null,
        null,
        null,
        null,
        null,
        null,
        null,
        1,
        null,
        null,
        null,
        1,
        1,
        1,
        null,
        null,
        null,
        null,
        null,
        null,
        null,
        null,
        1,
        null,
        null,
        null,
        null,
        1,
        4,
        4,
        4,
        null,
        1,
        1,
        1,
        null,
        null,
        null,
        null,
        null,
        null,
        null,
        1,
        1,
        null,
        null,
        null,
        1,
        1,
        1,
        null,
        null,
        null,
        null,
        null,
        null,
        null,
        1,
        1,
        null,
        null,
        null,
        1,
        1,
        1,
        null,
        null,
        null,
        null,
        null,
        null,
        null,
        1,
        null,
        null,
        null,
        null
      ],
      "/home/mauricio-p/udemy/ruby_on_rails/alpha_blog_api/app/controllers/api/v1/categories_controller.rb": [
        null,
        null,
        1,
        1,
        1,
        1,
        null,
        1,
        1,
        null,
        null,
        1,
        2,
        null,
        2,
        1,
        null,
        1,
        null,
        null,
        null,
        1,
        1,
        null,
        null,
        1,
        2,
        1,
        null,
        1,
        null,
        null,
        null,
        1,
        1,
        1,
        null,
        null,
        1,
        null,
        1,
        8,
        3,
        null,
        null,
        null,
        1,
        4,
        null,
        null,
        1,
        8,
        null,
        null
      ],
      "/home/mauricio-p/udemy/ruby_on_rails/alpha_blog_api/spec/controllers/api/v1/users_controller_spec.rb": [
        null,
        1,
        null,
        1,
        1,
        1,
        1,
        null,
        1,
        null,
        null,
        null,
        1,
        1,
        1,
        1,
        null,
        1,
        null,
        null,
        null,
        1,
        2,
        null,
        1,
        1,
        null,
        1,
        null,
        null,
        null,
        null,
        1,
        2,
        null,
        1,
        1,
        null,
        1,
        null,
        null,
        null,
        1,
        6,
        6,
        null,
        1,
        1,
        1,
        null,
        null,
        null,
        null,
        1,
        null,
        null,
        null,
        1,
        2,
        null,
        1,
        1,
        null,
        null,
        null,
        null,
        1,
        null,
        null,
        null,
        1,
        1,
        1,
        null,
        null,
        null,
        null,
        1,
        null,
        null,
        null,
        1,
        3,
        null,
        1,
        1,
        null,
        null,
        null,
        null,
        1,
        null,
        null,
        1,
        2,
        null,
        1,
        1,
        null,
        null,
        null,
        null,
        1,
        null,
        null,
        null,
        null,
        null,
        1,
        4,
        null,
        1,
        1,
        1,
        null,
        null,
        null,
        null,
        1,
        null,
        null,
        null,
        1,
        1,
        1,
        null,
        null,
        null,
        null,
        1,
        null,
        null,
        null,
        1,
        2,
        null,
        1,
        1,
        null,
        null,
        null,
        null,
        1,
        null,
        null,
        null,
        null
      ],
      "/home/mauricio-p/udemy/ruby_on_rails/alpha_blog_api/app/controllers/api/v1/users_controller.rb": [
        null,
        null,
        1,
        1,
        1,
        1,
        null,
        1,
        1,
        null,
        null,
        1,
        2,
        null,
        2,
        1,
        null,
        1,
        null,
        null,
        null,
        1,
        1,
        null,
        null,
        1,
        3,
        2,
        null,
        1,
        null,
        null,
        null,
        1,
        2,
        null,
        2,
        null,
        null,
        1,
        null,
        1,
        6,
        1,
        null,
        null,
        null,
        1,
        5,
        null,
        null,
        1,
        9,
        null,
        null
      ],
      "/home/mauricio-p/udemy/ruby_on_rails/alpha_blog_api/spec/controllers/api/v1/welcome_controller_spec.rb": [
        1,
        null,
        1,
        null,
        1,
        1,
        1,
        null,
        1,
        1,
        null,
        null,
        null,
        1,
        1,
        1,
        null,
        1,
        1,
        null,
        null,
        null
      ],
      "/home/mauricio-p/udemy/ruby_on_rails/alpha_blog_api/app/controllers/api/v1/welcome_controller.rb": [
        null,
        null,
        1,
        1,
        1,
        null,
        null,
        1,
        1,
        null,
        null
      ],
      "/home/mauricio-p/udemy/ruby_on_rails/alpha_blog_api/spec/models/article_spec.rb": [
        1,
        null,
        1,
        1,
        2,
        2,
        2,
        2,
        null,
        null,
        1,
        2,
        2,
        null,
        null
      ],
      "/home/mauricio-p/udemy/ruby_on_rails/alpha_blog_api/app/models/article.rb": [
        null,
        null,
        1,
        1,
        1,
        null,
        1,
        null,
        1,
        null
      ],
      "/home/mauricio-p/udemy/ruby_on_rails/alpha_blog_api/app/models/application_record.rb": [
        null,
        null,
        1,
        1,
        null
      ],
      "/home/mauricio-p/udemy/ruby_on_rails/alpha_blog_api/spec/models/category_spec.rb": [
        1,
        null,
        1,
        1,
        2,
        2,
        null,
        null,
        1,
        2,
        null,
        null
      ],
      "/home/mauricio-p/udemy/ruby_on_rails/alpha_blog_api/app/models/category.rb": [
        null,
        null,
        1,
        1,
        null,
        1,
        null
      ],
      "/home/mauricio-p/udemy/ruby_on_rails/alpha_blog_api/spec/models/user_spec.rb": [
        1,
        null,
        1,
        1,
        2,
        2,
        2,
        2,
        2,
        2,
        2,
        2,
        null,
        null,
        1,
        2,
        null,
        null
      ],
      "/home/mauricio-p/udemy/ruby_on_rails/alpha_blog_api/app/models/user.rb": [
        null,
        null,
        1,
        1,
        null,
        1,
        null,
        1,
        null,
        null,
        1,
        null,
        1,
        null
      ],
      "/home/mauricio-p/udemy/ruby_on_rails/alpha_blog_api/spec/serializers/article_serializer_spec.rb": [
        1,
        null,
        1,
        2,
        2,
        2,
        2,
        null,
        2,
        null,
        1,
        1,
        1,
        1,
        1,
        1,
        1,
        null,
        null
      ],
      "/home/mauricio-p/udemy/ruby_on_rails/alpha_blog_api/app/serializers/article_serializer.rb": [
        null,
        null,
        1,
        1,
        null,
        1,
        null,
        1,
        null
      ],
      "/home/mauricio-p/udemy/ruby_on_rails/alpha_blog_api/spec/serializers/category_serializer_spec.rb": [
        1,
        null,
        1,
        2,
        2,
        2,
        null,
        2,
        null,
        1,
        1,
        1,
        1,
        null,
        null
      ],
      "/home/mauricio-p/udemy/ruby_on_rails/alpha_blog_api/app/serializers/category_serializer.rb": [
        null,
        null,
        1,
        1,
        null,
        1,
        null
      ],
      "/home/mauricio-p/udemy/ruby_on_rails/alpha_blog_api/spec/serializers/user_serializer_spec.rb": [
        1,
        null,
        1,
        2,
        2,
        2,
        null,
        2,
        null,
        1,
        null,
        1,
        null,
        null,
        null,
        null,
        null,
        null,
        1,
        null,
        null
      ],
      "/home/mauricio-p/udemy/ruby_on_rails/alpha_blog_api/app/serializers/user_serializer.rb": [
        null,
        null,
        1,
        1,
        null,
        1,
        null
      ]
    },
    "timestamp": 1577646357
  }
}
